Campaign: 60 islands, 12 in parallel, 3 h each
launched 10kw_circular_linear_s1 (pid 164384)
launched 10kw_circular_linear_s2 (pid 164431)
launched 10kw_circular_elliptic_s1 (pid 164490)
launched 10kw_circular_elliptic_s2 (pid 164551)
launched 10kw_circular_parabolic_s1 (pid 164596)
launched 10kw_circular_parabolic_s2 (pid 164659)
launched 10kw_circular_trumpet_s1 (pid 164716)
launched 10kw_circular_trumpet_s2 (pid 164766)
launched 10kw_circular_straight_taper_s1 (pid 164823)
launched 10kw_circular_straight_taper_s2 (pid 164869)
launched 10kw_elliptical_linear_s1 (pid 164926)
launched 10kw_elliptical_linear_s2 (pid 164987)
launched 10kw_elliptical_elliptic_s1 (pid 181244)
launched 10kw_elliptical_elliptic_s2 (pid 183011)
launched 10kw_elliptical_parabolic_s1 (pid 183822)
launched 10kw_elliptical_parabolic_s2 (pid 184436)
launched 10kw_elliptical_trumpet_s1 (pid 184803)
launched 10kw_elliptical_trumpet_s2 (pid 185276)
launched 10kw_elliptical_straight_taper_s1 (pid 186189)
launched 10kw_elliptical_straight_taper_s2 (pid 186459)
launched 10kw_airfoil_linear_s1 (pid 186624)
launched 10kw_airfoil_linear_s2 (pid 186886)
launched 10kw_airfoil_elliptic_s1 (pid 187373)
launched 10kw_airfoil_elliptic_s2 (pid 190107)
launched 10kw_airfoil_parabolic_s1 (pid 199601)
launched 10kw_airfoil_parabolic_s2 (pid 199820)
launched 10kw_airfoil_trumpet_s1 (pid 199866)
launched 10kw_airfoil_trumpet_s2 (pid 201321)
launched 10kw_airfoil_straight_taper_s1 (pid 204084)
launched 10kw_airfoil_straight_taper_s2 (pid 206254)
launched 50kw_circular_linear_s1 (pid 206413)
launched 50kw_circular_linear_s2 (pid 206468)
launched 50kw_circular_elliptic_s1 (pid 208157)
launched 50kw_circular_elliptic_s2 (pid 208956)
launched 50kw_circular_parabolic_s1 (pid 209452)
launched 50kw_circular_parabolic_s2 (pid 212612)
launched 50kw_circular_trumpet_s1 (pid 213964)
launched 50kw_circular_trumpet_s2 (pid 215103)
launched 50kw_circular_straight_taper_s1 (pid 215365)
launched 50kw_circular_straight_taper_s2 (pid 217455)
launched 50kw_elliptical_linear_s1 (pid 221730)
launched 50kw_elliptical_linear_s2 (pid 224801)
launched 50kw_elliptical_elliptic_s1 (pid 225301)
launched 50kw_elliptical_elliptic_s2 (pid 225357)
launched 50kw_elliptical_parabolic_s1 (pid 228377)
launched 50kw_elliptical_parabolic_s2 (pid 231131)
launched 50kw_elliptical_trumpet_s1 (pid 231504)
launched 50kw_elliptical_trumpet_s2 (pid 233965)
launched 50kw_elliptical_straight_taper_s1 (pid 236078)
launched 50kw_elliptical_straight_taper_s2 (pid 237536)
launched 50kw_airfoil_linear_s1 (pid 237971)
launched 50kw_airfoil_linear_s2 (pid 240015)
launched 50kw_airfoil_elliptic_s1 (pid 242991)
launched 50kw_airfoil_elliptic_s2 (pid 244331)
launched 50kw_airfoil_parabolic_s1 (pid 244396)
launched 50kw_airfoil_parabolic_s2 (pid 245200)
launched 50kw_airfoil_trumpet_s1 (pid 250356)
launched 50kw_airfoil_trumpet_s2 (pid 251484)
launched 50kw_airfoil_straight_taper_s1 (pid 256828)
launched 50kw_airfoil_straight_taper_s2 (pid 256993)
All 60 islands launched. See scripts/results/trpt_opt_v2/active_pids.txt for PIDs and scripts/results/trpt_opt_v2/campaign_status.md for status.
